<?xml version="1.0" encoding="utf-8"?>
<?xml-stylesheet type="text/xsl" href="http://localhost:8000/OpalOPC/report-resources/stylesheet.xsl"?>
<Report xmlns:xsi="http://www.w3.org/2001/XMLSchema-instance"
    xmlns:xsd="http://www.w3.org/2001/XMLSchema">
    <Targets>
        <Target>
            <Servers>
                <Server>
                    <DiscoveryUrl>opc.tcp://echo:53530/OPCUA/SimulationServer</DiscoveryUrl>
                    <Errors />
                    <Endpoints>
                        <Endpoint>
                            <EndpointUrl>opc.tcp://echo:53530/OPCUA/SimulationServer</EndpointUrl>
                            <ServerCertificate>
                                MIIDwzCCAqugAwIBAgIGAYdHKr19MA0GCSqGSIb3DQEBCwUAMEsxHjAcBgNVBAMMFVNpbXVsYXRpb25TZXJ2ZXJAZWNobzETMBEGA1UECgwKUHJvc3lzIE9QQzEUMBIGCgmSJomT8ixkARkWBGVjaG8wHhcNMjMwNDAzMTE0OTU2WhcNMzMwMzMxMTI0OTU2WjBLMR4wHAYDVQQDDBVTaW11bGF0aW9uU2VydmVyQGVjaG8xEzARBgNVBAoMClByb3N5cyBPUEMxFDASBgoJkiaJk/IsZAEZFgRlY2hvMIIBIjANBgkqhkiG9w0BAQEFAAOCAQ8AMIIBCgKCAQEAuH25jVIdpLjoyxTo8tYk9+ednAr0qC5SUlo7gCTO+2kWbLoEUGrZJTeOLhhPVC8jEFk+6uxjymrEvzqrPqoihb6ZKH/xjbqbJOrlhIxIrEcG3VxHman/01szj2IYVIJIc3cCQEsmQB16RQzq9/8fXMX+bIbifzx8xRZytl3Ai3n1bA+KJDTDMALb+fzpJ5LqG7ZDUpsV7cDo4r7vs/yL/G8fESWxr17ykfvmlI1QURmiPByaQaxTf+H1ulOGkUQ2wSqAgqtbIHKB1rzj1oFxw1tF7ufpoeXd1VWxEFCkfgrDzwHS+H37V+jeZ4XAFC+Z/1fNgjVyADruLnuwDZ2TMwIDAQABo4GsMIGpMB8GA1UdIwQYMBaAFIpoUFCWmfOVJewDTGkjWPrJmYgsMB0GA1UdDgQWBBSKaFBQlpnzlSXsA0xpI1j6yZmILDAJBgNVHRMEAjAAMAsGA1UdDwQEAwIC9DAdBgNVHSUEFjAUBggrBgEFBQcDAQYIKwYBBQUHAwIwMAYDVR0RBCkwJ4YfdXJuOmVjaG86T1BDVUE6U2ltdWxhdGlvblNlcnZlcoIEZWNobzANBgkqhkiG9w0BAQsFAAOCAQEABteXY1M4FsxQ+vGaqX3bUpjS8/GA3NIdWA7mBn5M5M5oCqPWpx/LwiMONnpwW2TmnH2kA6JY3vtwvBulXTa01ZqdjRAMX2w2lcaw26BjFbzWYpe328UwQMRsSSbsPS/keSOWSwmIFVwQpe9F0+kApRa1/02kgC6/53ltAylBzN2Hz7ks/U5GyZc0eDO4jc/jnCJAoaJDbnlFVNcyNMaky5ybtTWBDhyGfyA2nF3pK58BGLBQEqjtFG/j7O8FQ77YJTbGKbZ2WEWbbiWBpdzozcBoAJsinb3jy8ppA37/qdKNh7eMOWJrn4GuefINLECXq8o+MFAv8YBRt9Jld9XdQQ==</ServerCertificate>
                            <SecurityPolicyUris>
                                <SecurityPolicyUri>
                                    http://opcfoundation.org/UA/SecurityPolicy#Aes256_Sha256_RsaPss</SecurityPolicyUri>
                                <SecurityPolicyUri>
                                    http://opcfoundation.org/UA/SecurityPolicy#Basic256</SecurityPolicyUri>
                                <SecurityPolicyUri>
                                    http://opcfoundation.org/UA/SecurityPolicy#Basic128Rsa15</SecurityPolicyUri>
                                <SecurityPolicyUri>
                                    http://opcfoundation.org/UA/SecurityPolicy#Aes128_Sha256_RsaOaep</SecurityPolicyUri>
                                <SecurityPolicyUri>
                                    http://opcfoundation.org/UA/SecurityPolicy#Basic256Sha256</SecurityPolicyUri>
                                <SecurityPolicyUri>http://opcfoundation.org/UA/SecurityPolicy#None</SecurityPolicyUri>
                            </SecurityPolicyUris>
                            <MessageSecurityModes>
                                <MessageSecurityMode>SignAndEncrypt</MessageSecurityMode>
                                <MessageSecurityMode>Sign</MessageSecurityMode>
                                <MessageSecurityMode>None</MessageSecurityMode>
                            </MessageSecurityModes>
                            <UserTokenPolicyIds>
                                <UserTokenPolicy>username_basic256</UserTokenPolicy>
                                <UserTokenPolicy>username_basic128</UserTokenPolicy>
                                <UserTokenPolicy>anonymous</UserTokenPolicy>
                                <UserTokenPolicy>certificate_basic256</UserTokenPolicy>
                                <UserTokenPolicy>certificate_basic128</UserTokenPolicy>
                            </UserTokenPolicyIds>
                            <UserTokenTypes>
                                <UserTokenType>UserName</UserTokenType>
                                <UserTokenType>Anonymous</UserTokenType>
                                <UserTokenType>Certificate</UserTokenType>
                            </UserTokenTypes>
                            <Issues>
                                <Issue>
                                    <PluginId>10001</PluginId>
                                    <Name>Anonymous authentication enabled</Name>
                                    <Severity>7.3</Severity>
                                </Issue>
                                <Issue>
                                    <PluginId>10006</PluginId>
                                    <Name>Message Security Mode None</Name>
                                    <Severity>6.5</Severity>
                                </Issue>
                                <Issue>
                                    <PluginId>10009</PluginId>
                                    <Name>Security Policy None</Name>
                                    <Severity>5.4</Severity>
                                </Issue>
                                <Issue>
                                    <PluginId>10002</PluginId>
                                    <Name>Auditing disabled</Name>
                                    <Severity>5</Severity>
                                </Issue>
                                <Issue>
                                    <PluginId>10008</PluginId>
                                    <Name>Deprecated Security Policy Basic256</Name>
                                    <Severity>4.8</Severity>
                                </Issue>
                                <Issue>
                                    <PluginId>10007</PluginId>
                                    <Name>Deprecated Security Policy Basic128Rsa15</Name>
                                    <Severity>4.8</Severity>
                                </Issue>
                                <Issue>
                                    <PluginId>10004</PluginId>
                                    <Name>RBAC not supported</Name>
                                    <Severity>0</Severity>
                                </Issue>
                            </Issues>
                        </Endpoint>
                    </Endpoints>
                </Server>
            </Servers>
            <Type>Server</Type>
            <ApplicationName>SimulationServer@echo</ApplicationName>
            <ApplicationUri>urn:echo:OPCUA:SimulationServer</ApplicationUri>
            <ProductUri>urn:prosysopc.com:OPCUA:SimulationServer</ProductUri>
        </Target>
        <Target>
            <Servers>
                <Server>
                    <DiscoveryUrl>opc.tcp://echo:53531/OPCUA/SimulationServer2</DiscoveryUrl>
                    <Errors />
                    <Endpoints>
                        <Endpoint>
                            <EndpointUrl>opc.tcp://echo:53531/OPCUA/SimulationServer2</EndpointUrl>
                            <ServerCertificate>
                                MIIDwzCCAqugAwIBAgIGAYdHKr19MA0GCSqGSIb3DQEBCwUAMEsxHjAcBgNVBAMMFVNpbXVsYXRpb25TZXJ2ZXJAZWNobzETMBEGA1UECgwKUHJvc3lzIE9QQzEUMBIGCgmSJomT8ixkARkWBGVjaG8wHhcNMjMwNDAzMTE0OTU2WhcNMzMwMzMxMTI0OTU2WjBLMR4wHAYDVQQDDBVTaW11bGF0aW9uU2VydmVyQGVjaG8xEzARBgNVBAoMClByb3N5cyBPUEMxFDASBgoJkiaJk/IsZAEZFgRlY2hvMIIBIjANBgkqhkiG9w0BAQEFAAOCAQ8AMIIBCgKCAQEAuH25jVIdpLjoyxTo8tYk9+ednAr0qC5SUlo7gCTO+2kWbLoEUGrZJTeOLhhPVC8jEFk+6uxjymrEvzqrPqoihb6ZKH/xjbqbJOrlhIxIrEcG3VxHman/01szj2IYVIJIc3cCQEsmQB16RQzq9/8fXMX+bIbifzx8xRZytl3Ai3n1bA+KJDTDMALb+fzpJ5LqG7ZDUpsV7cDo4r7vs/yL/G8fESWxr17ykfvmlI1QURmiPByaQaxTf+H1ulOGkUQ2wSqAgqtbIHKB1rzj1oFxw1tF7ufpoeXd1VWxEFCkfgrDzwHS+H37V+jeZ4XAFC+Z/1fNgjVyADruLnuwDZ2TMwIDAQABo4GsMIGpMB8GA1UdIwQYMBaAFIpoUFCWmfOVJewDTGkjWPrJmYgsMB0GA1UdDgQWBBSKaFBQlpnzlSXsA0xpI1j6yZmILDAJBgNVHRMEAjAAMAsGA1UdDwQEAwIC9DAdBgNVHSUEFjAUBggrBgEFBQcDAQYIKwYBBQUHAwIwMAYDVR0RBCkwJ4YfdXJuOmVjaG86T1BDVUE6U2ltdWxhdGlvblNlcnZlcoIEZWNobzANBgkqhkiG9w0BAQsFAAOCAQEABteXY1M4FsxQ+vGaqX3bUpjS8/GA3NIdWA7mBn5M5M5oCqPWpx/LwiMONnpwW2TmnH2kA6JY3vtwvBulXTa01ZqdjRAMX2w2lcaw26BjFbzWYpe328UwQMRsSSbsPS/keSOWSwmIFVwQpe9F0+kApRa1/02kgC6/53ltAylBzN2Hz7ks/U5GyZc0eDO4jc/jnCJAoaJDbnlFVNcyNMaky5ybtTWBDhyGfyA2nF3pK58BGLBQEqjtFG/j7O8FQ77YJTbGKbZ2WEWbbiWBpdzozcBoAJsinb3jy8ppA37/qdKNh7eMOWJrn4GuefINLECXq8o+MFAv8YBRt9Jld9XdQQ==</ServerCertificate>
                            <SecurityPolicyUris>
                                <SecurityPolicyUri>
                                    http://opcfoundation.org/UA/SecurityPolicy#Aes256_Sha256_RsaPss</SecurityPolicyUri>
                                <SecurityPolicyUri>
                                    http://opcfoundation.org/UA/SecurityPolicy#Basic256</SecurityPolicyUri>
                                <SecurityPolicyUri>
                                    http://opcfoundation.org/UA/SecurityPolicy#Basic128Rsa15</SecurityPolicyUri>
                                <SecurityPolicyUri>
                                    http://opcfoundation.org/UA/SecurityPolicy#Aes128_Sha256_RsaOaep</SecurityPolicyUri>
                                <SecurityPolicyUri>
                                    http://opcfoundation.org/UA/SecurityPolicy#Basic256Sha256</SecurityPolicyUri>
                                <SecurityPolicyUri>http://opcfoundation.org/UA/SecurityPolicy#None</SecurityPolicyUri>
                            </SecurityPolicyUris>
                            <MessageSecurityModes>
                                <MessageSecurityMode>SignAndEncrypt</MessageSecurityMode>
                                <MessageSecurityMode>Sign</MessageSecurityMode>
                                <MessageSecurityMode>None</MessageSecurityMode>
                            </MessageSecurityModes>
                            <UserTokenPolicyIds>
                                <UserTokenPolicy>username_basic256</UserTokenPolicy>
                                <UserTokenPolicy>username_basic128</UserTokenPolicy>
                                <UserTokenPolicy>anonymous</UserTokenPolicy>
                                <UserTokenPolicy>certificate_basic256</UserTokenPolicy>
                                <UserTokenPolicy>certificate_basic128</UserTokenPolicy>
                            </UserTokenPolicyIds>
                            <UserTokenTypes>
                                <UserTokenType>UserName</UserTokenType>
                                <UserTokenType>Anonymous</UserTokenType>
                                <UserTokenType>Certificate</UserTokenType>
                            </UserTokenTypes>
                            <Issues>
                            </Issues>
                        </Endpoint>
                    </Endpoints>
                </Server>
            </Servers>
            <Type>Server</Type>
            <ApplicationName>SimulationServer@echo2</ApplicationName>
            <ApplicationUri>urn:echo:OPCUA:SimulationServer2</ApplicationUri>
            <ProductUri>urn:prosysopc.com:OPCUA:SimulationServer2</ProductUri>
        </Target>
        <Target>
            <Servers>
                <Server>
                    <DiscoveryUrl>opc.tcp://opcuaserver</DiscoveryUrl>
                    <Errors>
                        <Error>
                            <Message>Cannot connect to discovery URI opc.tcp://opcuaserver</Message>
                        </Error>
                    </Errors>
                    <Endpoints />
                </Server>
            </Servers>
            <Type>DiscoveryServer</Type>
            <ApplicationName>UA Local Discovery Server</ApplicationName>
            <ApplicationUri>urn:opcuaserver:UALocalDiscoveryServer</ApplicationUri>
            <ProductUri>http://opcfoundation.org/UA/LocalDiscoveryServer</ProductUri>
        </Target>
    </Targets>
    <StartTime>Thu May 21:27:54 2023</StartTime>
    <EndTime>Thu May 21:28:05 2023</EndTime>
    <Version>1.0.0.0</Version>
    <Command>/home/valtteri/development/opc-ua-security-scanner/OpalOPC/bin/Debug/net7.0/linux-x64/opalopc.dll
        opc.tcp://echo:53530</Command>
    <RunStatus>OpalOPC done: 1 Discovery URLs (1 applications found) scanned in 10.89 seconds</RunStatus>
</Report>